<?xml version="1.0" encoding="UTF-8"?>
<testng-results ignored="0" total="1" passed="1" failed="0" skipped="0">
  <reporter-output>
  </reporter-output>
  <suite started-at="2025-02-10T16:48:25 IST" name="Suite" finished-at="2025-02-10T16:48:38 IST" duration-ms="13317">
    <groups>
    </groups>
    <test started-at="2025-02-10T16:48:25 IST" name="Test" finished-at="2025-02-10T16:48:38 IST" duration-ms="13317">
      <class name="webUtils.WebClass">
        <test-method signature="disp()[pri:0, instance:webUtils.WebClass@1613674b]" started-at="2025-02-10T16:48:25 IST" name="disp" finished-at="2025-02-10T16:48:38 IST" duration-ms="13278" status="PASS">
          <reporter-output>
          </reporter-output>
        </test-method> <!-- disp -->
      </class> <!-- webUtils.WebClass -->
    </test> <!-- Test -->
  </suite> <!-- Suite -->
</testng-results>
